<?xml version="1.0" encoding="UTF-8"?>
<!-- Generated by org.testng.reporters.JUnitReportReporter -->
<testsuite hostname="DESKTOP-NKLH076" failures="0" tests="9" name="apiTesting" time="16.944" errors="0" timestamp="2024-05-01T03:39:40 GMT-06:00" skipped="0">
  <testcase classname="apiTesting" name="deleteUser" time="1.875"/>
  <testcase classname="apiTesting" name="singleUserNotFound" time="1.614"/>
  <testcase classname="apiTesting" name="Test2" time="1.611"/>
  <testcase classname="apiTesting" name="registerUserNotSuccesful" time="2.974"/>
  <testcase classname="apiTesting" name="testPost" time="0.010"/>
  <testcase classname="apiTesting" name="registerUserSuccesful" time="1.909"/>
  <testcase classname="apiTesting" name="singleUserFound" time="0.559"/>
  <testcase classname="apiTesting" name="updateUserSuccesful" time="1.923"/>
  <testcase classname="apiTesting" name="Test1" time="4.469"/>
</testsuite> <!-- apiTesting -->
